
*** Running vivado
    with args -log Datapath.vdi -applog -m64 -product Vivado -messageDb vivado.pb -mode batch -source Datapath.tcl -notrace


ECHO is off.
ECHO is off.

****** Vivado v2023.1.1 (64-bit)
  **** SW Build 3900603 on Fri Jun 16 19:31:24 MDT 2023
  **** IP Build 3900379 on Sat Jun 17 05:28:05 MDT 2023
  **** SharedData Build 3899622 on Fri Jun 16 03:34:24 MDT 2023
    ** Copyright 1986-2022 Xilinx, Inc. All Rights Reserved.
    ** Copyright 2022-2023 Advanced Micro Devices, Inc. All Rights Reserved.

source Datapath.tcl -notrace
Command: open_checkpoint C:/Users/Freez/OneDrive/Desktop/CMPSC/CMPEN331/Lab_5/Lab_5.runs/impl_1/Datapath.dcp
INFO: [Device 21-403] Loading part xc7k70tfbv676-1
Netlist sorting complete. Time (s): cpu = 00:00:00 ; elapsed = 00:00:00.004 . Memory (MB): peak = 864.141 ; gain = 0.000
INFO: [Netlist 29-17] Analyzing 27 Unisim elements for replacement
INFO: [Netlist 29-28] Unisim Transformation completed in 0 CPU seconds
INFO: [Project 1-479] Netlist was created with Vivado 2023.1.1
INFO: [Project 1-570] Preparing netlist for logic optimization
Netlist sorting complete. Time (s): cpu = 00:00:00 ; elapsed = 00:00:00 . Memory (MB): peak = 954.262 ; gain = 0.000
INFO: [Project 1-111] Unisim Transformation Summary:
  A total of 16 instances were transformed.
  RAM32M => RAM32M (inverted pins: WCLK) (RAMD32(x6), RAMS32(x2)): 4 instances
  RAM64X1S => RAM64X1S (inverted pins: WCLK) (RAMS64E): 12 instances

INFO: [Project 1-604] Checkpoint was created with Vivado v2023.1.1 (64-bit) build 3900603
open_checkpoint: Time (s): cpu = 00:00:05 ; elapsed = 00:00:10 . Memory (MB): peak = 958.281 ; gain = 662.266
Command: opt_design
Attempting to get a license for feature 'Implementation' and/or device 'xc7k70t'
INFO: [Common 17-349] Got license for feature 'Implementation' and/or device 'xc7k70t'
Running DRC as a precondition to command opt_design

Starting DRC Task
INFO: [DRC 23-27] Running DRC with 2 threads
INFO: [Project 1-461] DRC finished with 0 Errors
INFO: [Project 1-462] Please refer to the DRC report (report_drc) for more information.

Time (s): cpu = 00:00:01 ; elapsed = 00:00:00.824 . Memory (MB): peak = 1008.195 ; gain = 27.918

Starting Cache Timing Information Task
INFO: [Timing 38-35] Done setting XDC timing constraints.
Ending Cache Timing Information Task | Checksum: 9242c96c

Time (s): cpu = 00:00:02 ; elapsed = 00:00:06 . Memory (MB): peak = 1568.043 ; gain = 559.848

Starting Logic Optimization Task

Phase 1 Retarget
INFO: [Opt 31-138] Pushed 0 inverter(s) to 0 load pin(s).
INFO: [Opt 31-49] Retargeted 0 cell(s).
Phase 1 Retarget | Checksum: 9242c96c

Time (s): cpu = 00:00:00 ; elapsed = 00:00:00.038 . Memory (MB): peak = 1907.512 ; gain = 0.000
INFO: [Opt 31-389] Phase Retarget created 0 cells and removed 0 cells

Phase 2 Constant propagation
INFO: [Opt 31-138] Pushed 0 inverter(s) to 0 load pin(s).
Phase 2 Constant propagation | Checksum: 9242c96c

Time (s): cpu = 00:00:00 ; elapsed = 00:00:00.041 . Memory (MB): peak = 1907.512 ; gain = 0.000
INFO: [Opt 31-389] Phase Constant propagation created 0 cells and removed 0 cells

Phase 3 Sweep
Phase 3 Sweep | Checksum: 10761c41e

Time (s): cpu = 00:00:00 ; elapsed = 00:00:00.073 . Memory (MB): peak = 1907.512 ; gain = 0.000
INFO: [Opt 31-389] Phase Sweep created 108 cells and removed 0 cells

Phase 4 BUFG optimization
INFO: [Opt 31-194] Inserted BUFG ifIdPipelineRegister/Q[4]_BUFG_inst to drive 7 load(s) on clock net ifIdPipelineRegister/Q_BUFG[4]
INFO: [Opt 31-193] Inserted 1 BUFG(s) on clock nets
Phase 4 BUFG optimization | Checksum: 65067927

Time (s): cpu = 00:00:00 ; elapsed = 00:00:00.109 . Memory (MB): peak = 1907.512 ; gain = 0.000
INFO: [Opt 31-662] Phase BUFG optimization created 1 cells of which 1 are BUFGs and removed 0 cells.

Phase 5 Shift Register Optimization
INFO: [Opt 31-1064] SRL Remap converted 0 SRLs to 0 registers and converted 0 registers of register chains to 0 SRLs
Phase 5 Shift Register Optimization | Checksum: 4c79ba6f

Time (s): cpu = 00:00:00 ; elapsed = 00:00:00.159 . Memory (MB): peak = 1907.512 ; gain = 0.000
INFO: [Opt 31-389] Phase Shift Register Optimization created 0 cells and removed 0 cells

Phase 6 Post Processing Netlist
Phase 6 Post Processing Netlist | Checksum: e7574c57

Time (s): cpu = 00:00:00 ; elapsed = 00:00:00.162 . Memory (MB): peak = 1907.512 ; gain = 0.000
INFO: [Opt 31-389] Phase Post Processing Netlist created 0 cells and removed 0 cells
Opt_design Change Summary
=========================


-------------------------------------------------------------------------------------------------------------------------
|  Phase                        |  #Cells created  |  #Cells Removed  |  #Constrained objects preventing optimizations  |
-------------------------------------------------------------------------------------------------------------------------
|  Retarget                     |               0  |               0  |                                              0  |
|  Constant propagation         |               0  |               0  |                                              0  |
|  Sweep                        |             108  |               0  |                                              0  |
|  BUFG optimization            |               1  |               0  |                                              0  |
|  Shift Register Optimization  |               0  |               0  |                                              0  |
|  Post Processing Netlist      |               0  |               0  |                                              0  |
-------------------------------------------------------------------------------------------------------------------------



Starting Connectivity Check Task

Time (s): cpu = 00:00:00 ; elapsed = 00:00:00.001 . Memory (MB): peak = 1907.512 ; gain = 0.000
Ending Logic Optimization Task | Checksum: 81320816

Time (s): cpu = 00:00:00 ; elapsed = 00:00:00.169 . Memory (MB): peak = 1907.512 ; gain = 0.000

Starting Power Optimization Task
INFO: [Pwropt 34-132] Skipping clock gating for clocks with a period < 2.00 ns.
Ending Power Optimization Task | Checksum: 81320816

Time (s): cpu = 00:00:00 ; elapsed = 00:00:00.015 . Memory (MB): peak = 1907.512 ; gain = 0.000

Starting Final Cleanup Task
Ending Final Cleanup Task | Checksum: 81320816

Time (s): cpu = 00:00:00 ; elapsed = 00:00:00.001 . Memory (MB): peak = 1907.512 ; gain = 0.000

Starting Netlist Obfuscation Task
Netlist sorting complete. Time (s): cpu = 00:00:00 ; elapsed = 00:00:00 . Memory (MB): peak = 1907.512 ; gain = 0.000
Ending Netlist Obfuscation Task | Checksum: 81320816

Time (s): cpu = 00:00:00 ; elapsed = 00:00:00.001 . Memory (MB): peak = 1907.512 ; gain = 0.000
INFO: [Common 17-83] Releasing license: Implementation
26 Infos, 0 Warnings, 0 Critical Warnings and 0 Errors encountered.
opt_design completed successfully
opt_design: Time (s): cpu = 00:00:04 ; elapsed = 00:00:09 . Memory (MB): peak = 1907.512 ; gain = 949.230
INFO: [runtcl-4] Executing : report_drc -file Datapath_drc_opted.rpt -pb Datapath_drc_opted.pb -rpx Datapath_drc_opted.rpx
Command: report_drc -file Datapath_drc_opted.rpt -pb Datapath_drc_opted.pb -rpx Datapath_drc_opted.rpx
INFO: [IP_Flow 19-234] Refreshing IP repositories
INFO: [IP_Flow 19-1704] No user IP repositories specified
INFO: [IP_Flow 19-2313] Loaded Vivado IP repository 'C:/Xilinx/Vivado/2023.1/data/ip'.
INFO: [DRC 23-27] Running DRC with 2 threads
INFO: [Vivado_Tcl 2-168] The results of DRC are in file C:/Users/Freez/OneDrive/Desktop/CMPSC/CMPEN331/Lab_5/Lab_5.runs/impl_1/Datapath_drc_opted.rpt.
report_drc completed successfully
INFO: [Common 17-1381] The checkpoint 'C:/Users/Freez/OneDrive/Desktop/CMPSC/CMPEN331/Lab_5/Lab_5.runs/impl_1/Datapath_opt.dcp' has been generated.
Command: place_design
Attempting to get a license for feature 'Implementation' and/or device 'xc7k70t'
INFO: [Common 17-349] Got license for feature 'Implementation' and/or device 'xc7k70t'
INFO: [DRC 23-27] Running DRC with 2 threads
INFO: [Vivado_Tcl 4-198] DRC finished with 0 Errors
INFO: [Vivado_Tcl 4-199] Please refer to the DRC report (report_drc) for more information.
Running DRC as a precondition to command place_design
INFO: [DRC 23-27] Running DRC with 2 threads
INFO: [Vivado_Tcl 4-198] DRC finished with 0 Errors
INFO: [Vivado_Tcl 4-199] Please refer to the DRC report (report_drc) for more information.

Starting Placer Task
INFO: [Place 30-611] Multithreading enabled for place_design using a maximum of 2 CPUs

Phase 1 Placer Initialization

Phase 1.1 Placer Initialization Netlist Sorting
Netlist sorting complete. Time (s): cpu = 00:00:00 ; elapsed = 00:00:00 . Memory (MB): peak = 1907.512 ; gain = 0.000
Phase 1.1 Placer Initialization Netlist Sorting | Checksum: 17416ee3

Time (s): cpu = 00:00:00 ; elapsed = 00:00:00.004 . Memory (MB): peak = 1907.512 ; gain = 0.000
Netlist sorting complete. Time (s): cpu = 00:00:00 ; elapsed = 00:00:00.001 . Memory (MB): peak = 1907.512 ; gain = 0.000

Phase 1.2 IO Placement/ Clock Placement/ Build Placer Device
ERROR: [Place 30-415] IO Placement failed due to overutilization. This design contains 445 I/O ports
 while the target  device: 7k70t package: fbv676, contains only 300 available user I/O. The target device has 300 usable I/O pins of which 0 are already occupied by user-locked I/Os.
 To rectify this issue:
 1. Ensure you are targeting the correct device and package.  Select a larger device or different package if necessary.
 2. Check the top-level ports of the design to ensure the correct number of ports are specified.
 3. Consider design changes to reduce the number of I/Os necessary.
INFO: [Timing 38-35] Done setting XDC timing constraints.
ERROR: [Place 30-68] Instance b_OBUF[0]_inst (OBUF) is not placed
ERROR: [Place 30-68] Instance b_OBUF[10]_inst (OBUF) is not placed
ERROR: [Place 30-68] Instance b_OBUF[11]_inst (OBUF) is not placed
ERROR: [Place 30-68] Instance b_OBUF[12]_inst (OBUF) is not placed
ERROR: [Place 30-68] Instance b_OBUF[13]_inst (OBUF) is not placed
ERROR: [Place 30-68] Instance b_OBUF[14]_inst (OBUF) is not placed
ERROR: [Place 30-68] Instance b_OBUF[15]_inst (OBUF) is not placed
ERROR: [Place 30-68] Instance b_OBUF[16]_inst (OBUF) is not placed
ERROR: [Place 30-68] Instance b_OBUF[17]_inst (OBUF) is not placed
ERROR: [Place 30-68] Instance b_OBUF[18]_inst (OBUF) is not placed
ERROR: [Place 30-68] Instance b_OBUF[19]_inst (OBUF) is not placed
ERROR: [Place 30-68] Instance b_OBUF[1]_inst (OBUF) is not placed
ERROR: [Place 30-68] Instance b_OBUF[20]_inst (OBUF) is not placed
ERROR: [Place 30-68] Instance b_OBUF[21]_inst (OBUF) is not placed
ERROR: [Place 30-68] Instance b_OBUF[22]_inst (OBUF) is not placed
ERROR: [Place 30-68] Instance b_OBUF[23]_inst (OBUF) is not placed
ERROR: [Place 30-68] Instance b_OBUF[24]_inst (OBUF) is not placed
ERROR: [Place 30-68] Instance b_OBUF[25]_inst (OBUF) is not placed
ERROR: [Place 30-68] Instance b_OBUF[26]_inst (OBUF) is not placed
ERROR: [Place 30-68] Instance b_OBUF[27]_inst (OBUF) is not placed
ERROR: [Place 30-68] Instance b_OBUF[28]_inst (OBUF) is not placed
ERROR: [Place 30-68] Instance b_OBUF[29]_inst (OBUF) is not placed
ERROR: [Place 30-68] Instance b_OBUF[2]_inst (OBUF) is not placed
ERROR: [Place 30-68] Instance b_OBUF[30]_inst (OBUF) is not placed
ERROR: [Place 30-68] Instance b_OBUF[31]_inst (OBUF) is not placed
ERROR: [Place 30-68] Instance b_OBUF[3]_inst (OBUF) is not placed
ERROR: [Place 30-68] Instance b_OBUF[4]_inst (OBUF) is not placed
ERROR: [Place 30-68] Instance b_OBUF[5]_inst (OBUF) is not placed
ERROR: [Place 30-68] Instance b_OBUF[6]_inst (OBUF) is not placed
ERROR: [Place 30-68] Instance b_OBUF[7]_inst (OBUF) is not placed
ERROR: [Place 30-68] Instance b_OBUF[8]_inst (OBUF) is not placed
ERROR: [Place 30-68] Instance b_OBUF[9]_inst (OBUF) is not placed
ERROR: [Place 30-68] Instance clk_IBUF_BUFG_inst (BUFG) is not placed
ERROR: [Place 30-68] Instance clk_IBUF_inst (IBUF) is not placed
ERROR: [Place 30-68] Instance dinstOut_OBUF[0]_inst (OBUF) is not placed
ERROR: [Place 30-68] Instance dinstOut_OBUF[10]_inst (OBUF) is not placed
ERROR: [Place 30-68] Instance dinstOut_OBUF[11]_inst (OBUF) is not placed
ERROR: [Place 30-68] Instance dinstOut_OBUF[12]_inst (OBUF) is not placed
ERROR: [Place 30-68] Instance dinstOut_OBUF[13]_inst (OBUF) is not placed
ERROR: [Place 30-68] Instance dinstOut_OBUF[14]_inst (OBUF) is not placed
ERROR: [Place 30-68] Instance dinstOut_OBUF[15]_inst (OBUF) is not placed
ERROR: [Place 30-68] Instance dinstOut_OBUF[16]_inst (OBUF) is not placed
ERROR: [Place 30-68] Instance dinstOut_OBUF[17]_inst (OBUF) is not placed
ERROR: [Place 30-68] Instance dinstOut_OBUF[18]_inst (OBUF) is not placed
ERROR: [Place 30-68] Instance dinstOut_OBUF[19]_inst (OBUF) is not placed
ERROR: [Place 30-68] Instance dinstOut_OBUF[1]_inst (OBUF) is not placed
ERROR: [Place 30-68] Instance dinstOut_OBUF[20]_inst (OBUF) is not placed
ERROR: [Place 30-68] Instance dinstOut_OBUF[21]_inst (OBUF) is not placed
ERROR: [Place 30-68] Instance dinstOut_OBUF[22]_inst (OBUF) is not placed
ERROR: [Place 30-68] Instance dinstOut_OBUF[23]_inst (OBUF) is not placed
ERROR: [Place 30-68] Instance dinstOut_OBUF[24]_inst (OBUF) is not placed
ERROR: [Place 30-68] Instance dinstOut_OBUF[25]_inst (OBUF) is not placed
ERROR: [Place 30-68] Instance dinstOut_OBUF[26]_inst (OBUF) is not placed
ERROR: [Place 30-68] Instance dinstOut_OBUF[27]_inst (OBUF) is not placed
ERROR: [Place 30-68] Instance dinstOut_OBUF[28]_inst (OBUF) is not placed
ERROR: [Place 30-68] Instance dinstOut_OBUF[29]_inst (OBUF) is not placed
ERROR: [Place 30-68] Instance dinstOut_OBUF[2]_inst (OBUF) is not placed
ERROR: [Place 30-68] Instance dinstOut_OBUF[30]_inst (OBUF) is not placed
ERROR: [Place 30-68] Instance dinstOut_OBUF[31]_inst (OBUF) is not placed
ERROR: [Place 30-68] Instance dinstOut_OBUF[3]_inst (OBUF) is not placed
ERROR: [Place 30-68] Instance dinstOut_OBUF[4]_inst (OBUF) is not placed
ERROR: [Place 30-68] Instance dinstOut_OBUF[5]_inst (OBUF) is not placed
ERROR: [Place 30-68] Instance dinstOut_OBUF[6]_inst (OBUF) is not placed
ERROR: [Place 30-68] Instance dinstOut_OBUF[7]_inst (OBUF) is not placed
ERROR: [Place 30-68] Instance dinstOut_OBUF[8]_inst (OBUF) is not placed
ERROR: [Place 30-68] Instance dinstOut_OBUF[9]_inst (OBUF) is not placed
ERROR: [Place 30-68] Instance ealuc_OBUF[0]_inst (OBUF) is not placed
ERROR: [Place 30-68] Instance ealuc_OBUF[1]_inst (OBUF) is not placed
ERROR: [Place 30-68] Instance ealuc_OBUF[2]_inst (OBUF) is not placed
ERROR: [Place 30-68] Instance ealuc_OBUF[3]_inst (OBUF) is not placed
ERROR: [Place 30-68] Instance ealuimm_OBUF_inst (OBUF) is not placed
ERROR: [Place 30-68] Instance edestReg_OBUF[0]_inst (OBUF) is not placed
ERROR: [Place 30-68] Instance edestReg_OBUF[1]_inst (OBUF) is not placed
ERROR: [Place 30-68] Instance edestReg_OBUF[2]_inst (OBUF) is not placed
ERROR: [Place 30-68] Instance edestReg_OBUF[3]_inst (OBUF) is not placed
ERROR: [Place 30-68] Instance edestReg_OBUF[4]_inst (OBUF) is not placed
ERROR: [Place 30-68] Instance eimm32_OBUF[0]_inst (OBUF) is not placed
ERROR: [Place 30-68] Instance eimm32_OBUF[10]_inst (OBUF) is not placed
ERROR: [Place 30-68] Instance eimm32_OBUF[11]_inst (OBUF) is not placed
ERROR: [Place 30-68] Instance eimm32_OBUF[12]_inst (OBUF) is not placed
ERROR: [Place 30-68] Instance eimm32_OBUF[13]_inst (OBUF) is not placed
ERROR: [Place 30-68] Instance eimm32_OBUF[14]_inst (OBUF) is not placed
ERROR: [Place 30-68] Instance eimm32_OBUF[15]_inst (OBUF) is not placed
ERROR: [Place 30-68] Instance eimm32_OBUF[16]_inst (OBUF) is not placed
ERROR: [Place 30-68] Instance eimm32_OBUF[17]_inst (OBUF) is not placed
ERROR: [Place 30-68] Instance eimm32_OBUF[18]_inst (OBUF) is not placed
ERROR: [Place 30-68] Instance eimm32_OBUF[19]_inst (OBUF) is not placed
ERROR: [Place 30-68] Instance eimm32_OBUF[1]_inst (OBUF) is not placed
ERROR: [Place 30-68] Instance eimm32_OBUF[20]_inst (OBUF) is not placed
ERROR: [Place 30-68] Instance eimm32_OBUF[21]_inst (OBUF) is not placed
ERROR: [Place 30-68] Instance eimm32_OBUF[22]_inst (OBUF) is not placed
ERROR: [Place 30-68] Instance eimm32_OBUF[23]_inst (OBUF) is not placed
ERROR: [Place 30-68] Instance eimm32_OBUF[24]_inst (OBUF) is not placed
ERROR: [Place 30-68] Instance eimm32_OBUF[25]_inst (OBUF) is not placed
ERROR: [Place 30-68] Instance eimm32_OBUF[26]_inst (OBUF) is not placed
ERROR: [Place 30-68] Instance eimm32_OBUF[27]_inst (OBUF) is not placed
ERROR: [Place 30-68] Instance eimm32_OBUF[28]_inst (OBUF) is not placed
ERROR: [Place 30-68] Instance eimm32_OBUF[29]_inst (OBUF) is not placed
ERROR: [Place 30-68] Instance eimm32_OBUF[2]_inst (OBUF) is not placed
ERROR: [Place 30-68] Instance eimm32_OBUF[30]_inst (OBUF) is not placed
INFO: [Common 17-14] Message 'Place 30-68' appears 100 times and further instances of the messages will be disabled. Use the Tcl command set_msg_config to change the current settings.
Phase 1.2 IO Placement/ Clock Placement/ Build Placer Device | Checksum: 0d8c3540

Time (s): cpu = 00:00:00 ; elapsed = 00:00:00.244 . Memory (MB): peak = 1907.512 ; gain = 0.000
Phase 1 Placer Initialization | Checksum: 0d8c3540

Time (s): cpu = 00:00:00 ; elapsed = 00:00:00.245 . Memory (MB): peak = 1907.512 ; gain = 0.000
ERROR: [Place 30-99] Placer failed with error: 'IO Clock Placer failed'
Please review all ERROR, CRITICAL WARNING, and WARNING messages during placement to understand the cause for failure.
Ending Placer Task | Checksum: 0d8c3540

Time (s): cpu = 00:00:00 ; elapsed = 00:00:00.246 . Memory (MB): peak = 1907.512 ; gain = 0.000
INFO: [Common 17-83] Releasing license: Implementation
44 Infos, 0 Warnings, 0 Critical Warnings and 103 Errors encountered.
place_design failed
ERROR: [Common 17-69] Command failed: Placer could not place all instances
INFO: [Common 17-206] Exiting Vivado at Tue Dec  5 23:35:52 2023...

*** Running vivado
    with args -log Datapath.vdi -applog -m64 -product Vivado -messageDb vivado.pb -mode batch -source Datapath.tcl -notrace


ECHO is off.
ECHO is off.

****** Vivado v2023.1.1 (64-bit)
  **** SW Build 3900603 on Fri Jun 16 19:31:24 MDT 2023
  **** IP Build 3900379 on Sat Jun 17 05:28:05 MDT 2023
  **** SharedData Build 3899622 on Fri Jun 16 03:34:24 MDT 2023
    ** Copyright 1986-2022 Xilinx, Inc. All Rights Reserved.
    ** Copyright 2022-2023 Advanced Micro Devices, Inc. All Rights Reserved.

source Datapath.tcl -notrace
Command: open_checkpoint Datapath_opt.dcp
INFO: [Device 21-403] Loading part xc7k70tfbv676-1
Netlist sorting complete. Time (s): cpu = 00:00:00 ; elapsed = 00:00:00.005 . Memory (MB): peak = 862.730 ; gain = 0.000
INFO: [Netlist 29-17] Analyzing 27 Unisim elements for replacement
INFO: [Netlist 29-28] Unisim Transformation completed in 0 CPU seconds
INFO: [Project 1-479] Netlist was created with Vivado 2023.1.1
INFO: [Project 1-570] Preparing netlist for logic optimization
Netlist sorting complete. Time (s): cpu = 00:00:00 ; elapsed = 00:00:00 . Memory (MB): peak = 953.566 ; gain = 0.000
INFO: [Project 1-111] Unisim Transformation Summary:
  A total of 16 instances were transformed.
  RAM32M => RAM32M (inverted pins: WCLK) (RAMD32(x6), RAMS32(x2)): 4 instances
  RAM64X1S => RAM64X1S (inverted pins: WCLK) (RAMS64E): 12 instances

INFO: [Project 1-604] Checkpoint was created with Vivado v2023.1.1 (64-bit) build 3900603
open_checkpoint: Time (s): cpu = 00:00:04 ; elapsed = 00:00:10 . Memory (MB): peak = 957.629 ; gain = 660.043
Command: place_design
Attempting to get a license for feature 'Implementation' and/or device 'xc7k70t'
INFO: [Common 17-349] Got license for feature 'Implementation' and/or device 'xc7k70t'
INFO: [DRC 23-27] Running DRC with 2 threads
INFO: [Vivado_Tcl 4-198] DRC finished with 0 Errors
INFO: [Vivado_Tcl 4-199] Please refer to the DRC report (report_drc) for more information.
Running DRC as a precondition to command place_design
INFO: [DRC 23-27] Running DRC with 2 threads
INFO: [Vivado_Tcl 4-198] DRC finished with 0 Errors
INFO: [Vivado_Tcl 4-199] Please refer to the DRC report (report_drc) for more information.

Starting Placer Task
INFO: [Place 30-611] Multithreading enabled for place_design using a maximum of 2 CPUs

Phase 1 Placer Initialization

Phase 1.1 Placer Initialization Netlist Sorting
Netlist sorting complete. Time (s): cpu = 00:00:00 ; elapsed = 00:00:00 . Memory (MB): peak = 1011.230 ; gain = 0.000
Phase 1.1 Placer Initialization Netlist Sorting | Checksum: 17416ee3

Time (s): cpu = 00:00:00 ; elapsed = 00:00:00.005 . Memory (MB): peak = 1011.230 ; gain = 0.000
Netlist sorting complete. Time (s): cpu = 00:00:00 ; elapsed = 00:00:00 . Memory (MB): peak = 1011.230 ; gain = 0.000

Phase 1.2 IO Placement/ Clock Placement/ Build Placer Device
ERROR: [Place 30-415] IO Placement failed due to overutilization. This design contains 445 I/O ports
 while the target  device: 7k70t package: fbv676, contains only 300 available user I/O. The target device has 300 usable I/O pins of which 0 are already occupied by user-locked I/Os.
 To rectify this issue:
 1. Ensure you are targeting the correct device and package.  Select a larger device or different package if necessary.
 2. Check the top-level ports of the design to ensure the correct number of ports are specified.
 3. Consider design changes to reduce the number of I/Os necessary.
ERROR: [Place 30-68] Instance b_OBUF[0]_inst (OBUF) is not placed
ERROR: [Place 30-68] Instance b_OBUF[10]_inst (OBUF) is not placed
ERROR: [Place 30-68] Instance b_OBUF[11]_inst (OBUF) is not placed
ERROR: [Place 30-68] Instance b_OBUF[12]_inst (OBUF) is not placed
ERROR: [Place 30-68] Instance b_OBUF[13]_inst (OBUF) is not placed
ERROR: [Place 30-68] Instance b_OBUF[14]_inst (OBUF) is not placed
ERROR: [Place 30-68] Instance b_OBUF[15]_inst (OBUF) is not placed
ERROR: [Place 30-68] Instance b_OBUF[16]_inst (OBUF) is not placed
ERROR: [Place 30-68] Instance b_OBUF[17]_inst (OBUF) is not placed
ERROR: [Place 30-68] Instance b_OBUF[18]_inst (OBUF) is not placed
ERROR: [Place 30-68] Instance b_OBUF[19]_inst (OBUF) is not placed
ERROR: [Place 30-68] Instance b_OBUF[1]_inst (OBUF) is not placed
ERROR: [Place 30-68] Instance b_OBUF[20]_inst (OBUF) is not placed
ERROR: [Place 30-68] Instance b_OBUF[21]_inst (OBUF) is not placed
ERROR: [Place 30-68] Instance b_OBUF[22]_inst (OBUF) is not placed
ERROR: [Place 30-68] Instance b_OBUF[23]_inst (OBUF) is not placed
ERROR: [Place 30-68] Instance b_OBUF[24]_inst (OBUF) is not placed
ERROR: [Place 30-68] Instance b_OBUF[25]_inst (OBUF) is not placed
ERROR: [Place 30-68] Instance b_OBUF[26]_inst (OBUF) is not placed
ERROR: [Place 30-68] Instance b_OBUF[27]_inst (OBUF) is not placed
ERROR: [Place 30-68] Instance b_OBUF[28]_inst (OBUF) is not placed
ERROR: [Place 30-68] Instance b_OBUF[29]_inst (OBUF) is not placed
ERROR: [Place 30-68] Instance b_OBUF[2]_inst (OBUF) is not placed
ERROR: [Place 30-68] Instance b_OBUF[30]_inst (OBUF) is not placed
ERROR: [Place 30-68] Instance b_OBUF[31]_inst (OBUF) is not placed
ERROR: [Place 30-68] Instance b_OBUF[3]_inst (OBUF) is not placed
ERROR: [Place 30-68] Instance b_OBUF[4]_inst (OBUF) is not placed
ERROR: [Place 30-68] Instance b_OBUF[5]_inst (OBUF) is not placed
ERROR: [Place 30-68] Instance b_OBUF[6]_inst (OBUF) is not placed
ERROR: [Place 30-68] Instance b_OBUF[7]_inst (OBUF) is not placed
ERROR: [Place 30-68] Instance b_OBUF[8]_inst (OBUF) is not placed
ERROR: [Place 30-68] Instance b_OBUF[9]_inst (OBUF) is not placed
ERROR: [Place 30-68] Instance clk_IBUF_BUFG_inst (BUFG) is not placed
ERROR: [Place 30-68] Instance clk_IBUF_inst (IBUF) is not placed
ERROR: [Place 30-68] Instance dinstOut_OBUF[0]_inst (OBUF) is not placed
ERROR: [Place 30-68] Instance dinstOut_OBUF[10]_inst (OBUF) is not placed
ERROR: [Place 30-68] Instance dinstOut_OBUF[11]_inst (OBUF) is not placed
ERROR: [Place 30-68] Instance dinstOut_OBUF[12]_inst (OBUF) is not placed
ERROR: [Place 30-68] Instance dinstOut_OBUF[13]_inst (OBUF) is not placed
ERROR: [Place 30-68] Instance dinstOut_OBUF[14]_inst (OBUF) is not placed
ERROR: [Place 30-68] Instance dinstOut_OBUF[15]_inst (OBUF) is not placed
ERROR: [Place 30-68] Instance dinstOut_OBUF[16]_inst (OBUF) is not placed
ERROR: [Place 30-68] Instance dinstOut_OBUF[17]_inst (OBUF) is not placed
ERROR: [Place 30-68] Instance dinstOut_OBUF[18]_inst (OBUF) is not placed
ERROR: [Place 30-68] Instance dinstOut_OBUF[19]_inst (OBUF) is not placed
ERROR: [Place 30-68] Instance dinstOut_OBUF[1]_inst (OBUF) is not placed
ERROR: [Place 30-68] Instance dinstOut_OBUF[20]_inst (OBUF) is not placed
ERROR: [Place 30-68] Instance dinstOut_OBUF[21]_inst (OBUF) is not placed
ERROR: [Place 30-68] Instance dinstOut_OBUF[22]_inst (OBUF) is not placed
ERROR: [Place 30-68] Instance dinstOut_OBUF[23]_inst (OBUF) is not placed
ERROR: [Place 30-68] Instance dinstOut_OBUF[24]_inst (OBUF) is not placed
ERROR: [Place 30-68] Instance dinstOut_OBUF[25]_inst (OBUF) is not placed
ERROR: [Place 30-68] Instance dinstOut_OBUF[26]_inst (OBUF) is not placed
ERROR: [Place 30-68] Instance dinstOut_OBUF[27]_inst (OBUF) is not placed
ERROR: [Place 30-68] Instance dinstOut_OBUF[28]_inst (OBUF) is not placed
ERROR: [Place 30-68] Instance dinstOut_OBUF[29]_inst (OBUF) is not placed
ERROR: [Place 30-68] Instance dinstOut_OBUF[2]_inst (OBUF) is not placed
ERROR: [Place 30-68] Instance dinstOut_OBUF[30]_inst (OBUF) is not placed
ERROR: [Place 30-68] Instance dinstOut_OBUF[31]_inst (OBUF) is not placed
ERROR: [Place 30-68] Instance dinstOut_OBUF[3]_inst (OBUF) is not placed
ERROR: [Place 30-68] Instance dinstOut_OBUF[4]_inst (OBUF) is not placed
ERROR: [Place 30-68] Instance dinstOut_OBUF[5]_inst (OBUF) is not placed
ERROR: [Place 30-68] Instance dinstOut_OBUF[6]_inst (OBUF) is not placed
ERROR: [Place 30-68] Instance dinstOut_OBUF[7]_inst (OBUF) is not placed
ERROR: [Place 30-68] Instance dinstOut_OBUF[8]_inst (OBUF) is not placed
ERROR: [Place 30-68] Instance dinstOut_OBUF[9]_inst (OBUF) is not placed
ERROR: [Place 30-68] Instance ealuc_OBUF[0]_inst (OBUF) is not placed
ERROR: [Place 30-68] Instance ealuc_OBUF[1]_inst (OBUF) is not placed
ERROR: [Place 30-68] Instance ealuc_OBUF[2]_inst (OBUF) is not placed
ERROR: [Place 30-68] Instance ealuc_OBUF[3]_inst (OBUF) is not placed
ERROR: [Place 30-68] Instance ealuimm_OBUF_inst (OBUF) is not placed
ERROR: [Place 30-68] Instance edestReg_OBUF[0]_inst (OBUF) is not placed
ERROR: [Place 30-68] Instance edestReg_OBUF[1]_inst (OBUF) is not placed
ERROR: [Place 30-68] Instance edestReg_OBUF[2]_inst (OBUF) is not placed
ERROR: [Place 30-68] Instance edestReg_OBUF[3]_inst (OBUF) is not placed
ERROR: [Place 30-68] Instance edestReg_OBUF[4]_inst (OBUF) is not placed
ERROR: [Place 30-68] Instance eimm32_OBUF[0]_inst (OBUF) is not placed
ERROR: [Place 30-68] Instance eimm32_OBUF[10]_inst (OBUF) is not placed
ERROR: [Place 30-68] Instance eimm32_OBUF[11]_inst (OBUF) is not placed
ERROR: [Place 30-68] Instance eimm32_OBUF[12]_inst (OBUF) is not placed
ERROR: [Place 30-68] Instance eimm32_OBUF[13]_inst (OBUF) is not placed
ERROR: [Place 30-68] Instance eimm32_OBUF[14]_inst (OBUF) is not placed
ERROR: [Place 30-68] Instance eimm32_OBUF[15]_inst (OBUF) is not placed
ERROR: [Place 30-68] Instance eimm32_OBUF[16]_inst (OBUF) is not placed
ERROR: [Place 30-68] Instance eimm32_OBUF[17]_inst (OBUF) is not placed
ERROR: [Place 30-68] Instance eimm32_OBUF[18]_inst (OBUF) is not placed
ERROR: [Place 30-68] Instance eimm32_OBUF[19]_inst (OBUF) is not placed
ERROR: [Place 30-68] Instance eimm32_OBUF[1]_inst (OBUF) is not placed
ERROR: [Place 30-68] Instance eimm32_OBUF[20]_inst (OBUF) is not placed
ERROR: [Place 30-68] Instance eimm32_OBUF[21]_inst (OBUF) is not placed
ERROR: [Place 30-68] Instance eimm32_OBUF[22]_inst (OBUF) is not placed
ERROR: [Place 30-68] Instance eimm32_OBUF[23]_inst (OBUF) is not placed
ERROR: [Place 30-68] Instance eimm32_OBUF[24]_inst (OBUF) is not placed
ERROR: [Place 30-68] Instance eimm32_OBUF[25]_inst (OBUF) is not placed
ERROR: [Place 30-68] Instance eimm32_OBUF[26]_inst (OBUF) is not placed
ERROR: [Place 30-68] Instance eimm32_OBUF[27]_inst (OBUF) is not placed
ERROR: [Place 30-68] Instance eimm32_OBUF[28]_inst (OBUF) is not placed
ERROR: [Place 30-68] Instance eimm32_OBUF[29]_inst (OBUF) is not placed
ERROR: [Place 30-68] Instance eimm32_OBUF[2]_inst (OBUF) is not placed
ERROR: [Place 30-68] Instance eimm32_OBUF[30]_inst (OBUF) is not placed
INFO: [Common 17-14] Message 'Place 30-68' appears 100 times and further instances of the messages will be disabled. Use the Tcl command set_msg_config to change the current settings.
Phase 1.2 IO Placement/ Clock Placement/ Build Placer Device | Checksum: 0d8c3540

Time (s): cpu = 00:00:00 ; elapsed = 00:00:00.311 . Memory (MB): peak = 1011.230 ; gain = 0.000
Phase 1 Placer Initialization | Checksum: 0d8c3540

Time (s): cpu = 00:00:00 ; elapsed = 00:00:00.312 . Memory (MB): peak = 1011.230 ; gain = 0.000
ERROR: [Place 30-99] Placer failed with error: 'IO Clock Placer failed'
Please review all ERROR, CRITICAL WARNING, and WARNING messages during placement to understand the cause for failure.
Ending Placer Task | Checksum: 0d8c3540

Time (s): cpu = 00:00:00 ; elapsed = 00:00:00.313 . Memory (MB): peak = 1011.230 ; gain = 0.000
INFO: [Common 17-83] Releasing license: Implementation
17 Infos, 0 Warnings, 0 Critical Warnings and 103 Errors encountered.
place_design failed
ERROR: [Common 17-69] Command failed: Placer could not place all instances
INFO: [Common 17-206] Exiting Vivado at Tue Dec  5 23:37:06 2023...
